mode: set
github.com/mponsa/tweeter/src/domain/image_tweet.go:10.69,24.2 3 1
github.com/mponsa/tweeter/src/domain/image_tweet.go:26.55,28.2 1 1
github.com/mponsa/tweeter/src/domain/quote_tweet.go:10.74,24.2 3 1
github.com/mponsa/tweeter/src/domain/quote_tweet.go:26.49,28.2 1 1
github.com/mponsa/tweeter/src/domain/text_tweet.go:12.55,23.2 3 1
github.com/mponsa/tweeter/src/domain/text_tweet.go:25.49,27.2 1 1
github.com/mponsa/tweeter/src/domain/text_tweet.go:29.40,31.2 1 1
github.com/mponsa/tweeter/src/domain/text_tweet.go:33.41,35.2 1 1
github.com/mponsa/tweeter/src/domain/text_tweet.go:37.42,39.2 1 1
github.com/mponsa/tweeter/src/domain/text_tweet.go:41.39,43.2 1 0
github.com/mponsa/tweeter/src/domain/text_tweet.go:45.41,47.2 1 0
github.com/mponsa/tweeter/src/domain/text_tweet.go:49.46,51.2 1 0
github.com/mponsa/tweeter/src/domain/text_tweet.go:53.46,55.2 1 0
github.com/mponsa/tweeter/src/domain/user.go:10.56,18.2 2 1
github.com/mponsa/tweeter/src/service/file_tweet_writer.go:12.38,22.2 4 1
github.com/mponsa/tweeter/src/service/file_tweet_writer.go:24.66,26.2 1 1
github.com/mponsa/tweeter/src/service/file_tweet_writer.go:28.56,29.17 1 1
github.com/mponsa/tweeter/src/service/file_tweet_writer.go:29.17,32.3 2 1
github.com/mponsa/tweeter/src/service/file_tweet_writer.go:35.105,37.2 0 0
github.com/mponsa/tweeter/src/service/memory_tweet_writer.go:13.40,19.2 4 1
github.com/mponsa/tweeter/src/service/memory_tweet_writer.go:21.68,24.2 2 1
github.com/mponsa/tweeter/src/service/memory_tweet_writer.go:26.71,27.33 1 1
github.com/mponsa/tweeter/src/service/memory_tweet_writer.go:31.2,31.12 1 0
github.com/mponsa/tweeter/src/service/memory_tweet_writer.go:27.33,29.3 1 1
github.com/mponsa/tweeter/src/service/memory_tweet_writer.go:34.106,35.42 1 1
github.com/mponsa/tweeter/src/service/memory_tweet_writer.go:35.42,36.46 1 1
github.com/mponsa/tweeter/src/service/memory_tweet_writer.go:36.46,38.4 1 1
github.com/mponsa/tweeter/src/service/tweet_manager.go:18.61,25.2 5 1
github.com/mponsa/tweeter/src/service/tweet_manager.go:27.83,29.16 2 1
github.com/mponsa/tweeter/src/service/tweet_manager.go:33.2,39.27 6 1
github.com/mponsa/tweeter/src/service/tweet_manager.go:29.16,31.3 1 1
github.com/mponsa/tweeter/src/service/tweet_manager.go:42.45,43.28 1 1
github.com/mponsa/tweeter/src/service/tweet_manager.go:46.2,46.55 1 1
github.com/mponsa/tweeter/src/service/tweet_manager.go:49.2,49.27 1 1
github.com/mponsa/tweeter/src/service/tweet_manager.go:52.2,52.32 1 1
github.com/mponsa/tweeter/src/service/tweet_manager.go:55.2,55.12 1 1
github.com/mponsa/tweeter/src/service/tweet_manager.go:43.28,45.3 1 0
github.com/mponsa/tweeter/src/service/tweet_manager.go:46.55,48.3 1 1
github.com/mponsa/tweeter/src/service/tweet_manager.go:49.27,51.3 1 1
github.com/mponsa/tweeter/src/service/tweet_manager.go:52.32,54.3 1 1
github.com/mponsa/tweeter/src/service/tweet_manager.go:58.58,60.22 2 1
github.com/mponsa/tweeter/src/service/tweet_manager.go:63.2,63.51 1 1
github.com/mponsa/tweeter/src/service/tweet_manager.go:60.22,62.3 1 1
github.com/mponsa/tweeter/src/service/tweet_manager.go:66.71,67.35 1 1
github.com/mponsa/tweeter/src/service/tweet_manager.go:70.2,70.33 1 1
github.com/mponsa/tweeter/src/service/tweet_manager.go:67.35,69.3 1 0
github.com/mponsa/tweeter/src/service/tweet_manager.go:73.92,75.16 2 1
github.com/mponsa/tweeter/src/service/tweet_manager.go:78.2,78.47 1 1
github.com/mponsa/tweeter/src/service/tweet_manager.go:75.16,77.3 1 0
github.com/mponsa/tweeter/src/service/tweet_manager.go:81.76,82.44 1 1
github.com/mponsa/tweeter/src/service/tweet_manager.go:89.2,89.54 1 1
github.com/mponsa/tweeter/src/service/tweet_manager.go:82.44,83.19 1 1
github.com/mponsa/tweeter/src/service/tweet_manager.go:83.19,84.27 1 1
github.com/mponsa/tweeter/src/service/tweet_manager.go:84.27,86.5 1 1
github.com/mponsa/tweeter/src/service/tweet_manager.go:92.63,94.16 2 1
github.com/mponsa/tweeter/src/service/tweet_manager.go:97.2,102.12 5 1
github.com/mponsa/tweeter/src/service/tweet_manager.go:94.16,96.3 1 0
github.com/mponsa/tweeter/src/service/tweet_manager.go:105.66,106.38 1 1
github.com/mponsa/tweeter/src/service/tweet_manager.go:111.2,111.11 1 0
github.com/mponsa/tweeter/src/service/tweet_manager.go:106.38,107.26 1 1
github.com/mponsa/tweeter/src/service/tweet_manager.go:107.26,109.4 1 1
github.com/mponsa/tweeter/src/service/tweet_manager.go:114.104,116.2 1 1
github.com/mponsa/tweeter/src/service/tweet_manager.go:118.77,120.16 2 1
github.com/mponsa/tweeter/src/service/tweet_manager.go:124.2,126.12 2 1
github.com/mponsa/tweeter/src/service/tweet_manager.go:120.16,122.3 1 0
github.com/mponsa/tweeter/src/service/user_manager.go:16.35,17.20 1 1
github.com/mponsa/tweeter/src/service/user_manager.go:20.2,24.17 4 1
github.com/mponsa/tweeter/src/service/user_manager.go:17.20,19.3 1 1
github.com/mponsa/tweeter/src/service/user_manager.go:27.95,32.2 3 1
github.com/mponsa/tweeter/src/service/user_manager.go:34.70,36.16 2 1
github.com/mponsa/tweeter/src/service/user_manager.go:39.2,40.16 2 1
github.com/mponsa/tweeter/src/service/user_manager.go:43.2,45.12 2 1
github.com/mponsa/tweeter/src/service/user_manager.go:36.16,38.3 1 0
github.com/mponsa/tweeter/src/service/user_manager.go:40.16,42.3 1 1
github.com/mponsa/tweeter/src/service/user_manager.go:48.81,49.64 1 1
github.com/mponsa/tweeter/src/service/user_manager.go:53.2,53.58 1 0
github.com/mponsa/tweeter/src/service/user_manager.go:49.64,51.3 1 1
github.com/mponsa/tweeter/src/service/user_manager.go:56.63,57.31 1 1
github.com/mponsa/tweeter/src/service/user_manager.go:59.2,59.12 1 1
github.com/mponsa/tweeter/src/service/user_manager.go:57.31,57.83 1 1
github.com/mponsa/tweeter/src/service/user_manager.go:62.65,66.2 2 1
github.com/mponsa/tweeter/src/service/user_manager.go:68.56,70.2 1 1
